[debug] [2021-03-23T08:41:00.231Z] ----------------------------------------------------------------------
[debug] [2021-03-23T08:41:00.233Z] Command:       C:\Program Files\nodejs\node.exe C:\Users\StudentAdmin\AppData\Roaming\npm\node_modules\firebase-tools\lib\bin\firebase.js emulators:start
[debug] [2021-03-23T08:41:00.234Z] CLI Version:   9.2.2
[debug] [2021-03-23T08:41:00.234Z] Platform:      win32
[debug] [2021-03-23T08:41:00.234Z] Node Version:  v14.15.4
[debug] [2021-03-23T08:41:00.235Z] Time:          Tue Mar 23 2021 11:41:00 GMT+0300 (Arabian Standard Time)
[debug] [2021-03-23T08:41:00.235Z] ----------------------------------------------------------------------
[debug] [2021-03-23T08:41:00.235Z] 
[debug] [2021-03-23T08:41:00.242Z] > command requires scopes: ["email","openid","https://www.googleapis.com/auth/cloudplatformprojects.readonly","https://www.googleapis.com/auth/firebase","https://www.googleapis.com/auth/cloud-platform"]
[debug] [2021-03-23T08:41:00.243Z] > authorizing via signed-in user
[info] i  emulators: Starting emulators: auth, functions, firestore, hosting {"metadata":{"emulator":{"name":"hub"},"message":"Starting emulators: auth, functions, firestore, hosting"}}
[debug] [2021-03-23T08:41:00.263Z] [hub] writing locator at C:\Users\STUDEN~1\AppData\Local\Temp\hub-best-cp3351-project.json
[warn] !  functions: The following emulators are not running, calls to these services from the Functions emulator will affect production: database, pubsub {"metadata":{"emulator":{"name":"functions"},"message":"The following emulators are not running, calls to these services from the Functions emulator will affect production: \u001b[1mdatabase, pubsub\u001b[22m"}}
[info] +  functions: Using node@14 from host. {"metadata":{"emulator":{"name":"functions"},"message":"Using node@14 from host."}}
[debug] [2021-03-23T08:41:00.286Z] defaultcredentials: writing to file C:\Users\StudentAdmin\AppData\Roaming\firebase\DJRockstar1_myself_com_application_default_credentials.json
[debug] [2021-03-23T08:41:00.287Z] Setting GAC to C:\Users\StudentAdmin\AppData\Roaming\firebase\DJRockstar1_myself_com_application_default_credentials.json {"metadata":{"emulator":{"name":"functions"},"message":"Setting GAC to C:\\Users\\StudentAdmin\\AppData\\Roaming\\firebase\\DJRockstar1_myself_com_application_default_credentials.json"}}
[debug] [2021-03-23T08:41:00.289Z] > refreshing access token with scopes: []
[debug] [2021-03-23T08:41:00.289Z] >>> HTTP REQUEST POST https://www.googleapis.com/oauth2/v3/token  
 <request body omitted>
[debug] [2021-03-23T08:41:00.604Z] <<< HTTP RESPONSE 200 {"expires":"Mon, 01 Jan 1990 00:00:00 GMT","date":"Tue, 23 Mar 2021 08:41:00 GMT","pragma":"no-cache","cache-control":"no-cache, no-store, max-age=0, must-revalidate","content-type":"application/json; charset=utf-8","vary":"X-Origin, Referer, Origin,Accept-Encoding","server":"scaffolding on HTTPServer2","x-xss-protection":"0","x-frame-options":"SAMEORIGIN","x-content-type-options":"nosniff","alt-svc":"h3-29=\":443\"; ma=2592000,h3-T051=\":443\"; ma=2592000,h3-Q050=\":443\"; ma=2592000,h3-Q046=\":443\"; ma=2592000,h3-Q043=\":443\"; ma=2592000,quic=\":443\"; ma=2592000; v=\"46,43\"","accept-ranges":"none","transfer-encoding":"chunked"}
[debug] [2021-03-23T08:41:00.621Z] >>> [apiv2][query] GET https://firebase.googleapis.com/v1beta1/projects/best-cp3351-project/adminSdkConfig [none]
[debug] [2021-03-23T08:41:01.228Z] <<< [apiv2][status] GET https://firebase.googleapis.com/v1beta1/projects/best-cp3351-project/adminSdkConfig 403
[debug] [2021-03-23T08:41:01.228Z] <<< [apiv2][body] GET https://firebase.googleapis.com/v1beta1/projects/best-cp3351-project/adminSdkConfig {"error":{"code":403,"message":"The caller does not have permission","status":"PERMISSION_DENIED"}}
[debug] [2021-03-23T08:41:01.229Z] Failed to get Admin SDK config for best-cp3351-project, falling back to cache Failed to get Admin SDK for Firebase project best-cp3351-project. Please make sure the project exists and your account has permission to access it. {"name":"FirebaseError","children":[],"exit":2,"message":"Failed to get Admin SDK for Firebase project best-cp3351-project. Please make sure the project exists and your account has permission to access it.","original":{"name":"FirebaseError","children":[],"context":{"body":{"error":{"code":403,"message":"The caller does not have permission","status":"PERMISSION_DENIED"}},"response":{"statusCode":403}},"exit":1,"message":"HTTP Error: 403, The caller does not have permission","status":403},"status":500}
[warn] !  functions: Unable to fetch project Admin SDK configuration, Admin SDK behavior in Cloud Functions emulator may be incorrect. {"metadata":{"emulator":{"name":"functions"},"message":"Unable to fetch project Admin SDK configuration, Admin SDK behavior in Cloud Functions emulator may be incorrect."}}
[debug] [2021-03-23T08:41:01.249Z] Ignoring unsupported arg: projectId {"metadata":{"emulator":{"name":"firestore"},"message":"Ignoring unsupported arg: projectId"}}
[debug] [2021-03-23T08:41:01.250Z] Ignoring unsupported arg: auto_download {"metadata":{"emulator":{"name":"firestore"},"message":"Ignoring unsupported arg: auto_download"}}
[debug] [2021-03-23T08:41:01.250Z] Starting Firestore Emulator with command {"binary":"java","args":["-Dgoogle.cloud_firestore.debug_log_level=FINE","-Duser.language=en","-jar","C:\\Users\\StudentAdmin\\.cache\\firebase\\emulators\\cloud-firestore-emulator-v1.11.12.jar","--host","localhost","--port",8080,"--rules","C:\\60093530\\CP3351\\project\\firestore.rules","--functions_emulator","localhost:5001"],"optionalArgs":["port","webchannel_port","host","rules","functions_emulator","seed_from_export"],"joinArgs":false} {"metadata":{"emulator":{"name":"firestore"},"message":"Starting Firestore Emulator with command {\"binary\":\"java\",\"args\":[\"-Dgoogle.cloud_firestore.debug_log_level=FINE\",\"-Duser.language=en\",\"-jar\",\"C:\\\\Users\\\\StudentAdmin\\\\.cache\\\\firebase\\\\emulators\\\\cloud-firestore-emulator-v1.11.12.jar\",\"--host\",\"localhost\",\"--port\",8080,\"--rules\",\"C:\\\\60093530\\\\CP3351\\\\project\\\\firestore.rules\",\"--functions_emulator\",\"localhost:5001\"],\"optionalArgs\":[\"port\",\"webchannel_port\",\"host\",\"rules\",\"functions_emulator\",\"seed_from_export\"],\"joinArgs\":false}"}}
[info] i  firestore: Firestore Emulator logging to firestore-debug.log {"metadata":{"emulator":{"name":"firestore"},"message":"Firestore Emulator logging to \u001b[1mfirestore-debug.log\u001b[22m"}}
[debug] [2021-03-23T08:41:04.911Z] >>> [apiv2][query] GET https://firebase.googleapis.com/v1beta1/projects/best-cp3351-project/webApps/-/config [none]
[debug] [2021-03-23T08:41:05.540Z] <<< [apiv2][status] GET https://firebase.googleapis.com/v1beta1/projects/best-cp3351-project/webApps/-/config 403
[debug] [2021-03-23T08:41:05.540Z] <<< [apiv2][body] GET https://firebase.googleapis.com/v1beta1/projects/best-cp3351-project/webApps/-/config {"error":{"code":403,"message":"The caller does not have permission","status":"PERMISSION_DENIED"}}
[debug] [2021-03-23T08:41:05.541Z] fetchWebSetup error: FirebaseError: HTTP Error: 403, The caller does not have permission
[warn] !  hosting: Authentication error when trying to fetch your current web app configuration, have you run firebase login? 
[warn] !  hosting: Could not fetch web app configuration and there is no cached configuration on this machine. Check your internet connection and make sure you are authenticated. To continue, you must call firebase.initializeApp({...}) in your code before using Firebase. 
[info] i  hosting: Serving hosting files from: public {"metadata":{"emulator":{"name":"hosting"},"message":"Serving hosting files from: \u001b[1mpublic\u001b[22m"}}
[info] +  hosting: Local server: http://localhost:5000 {"metadata":{"emulator":{"name":"hosting"},"message":"Local server: \u001b[4m\u001b[1mhttp://localhost:5000\u001b[22m\u001b[24m"}}
[warn] !  ui: Emulator UI unable to start on port 4000, starting on 4003 instead. {"metadata":{"emulator":{"name":"ui"},"message":"Emulator UI unable to start on port 4000, starting on 4003 instead."}}
[debug] [2021-03-23T08:41:05.616Z] Ignoring unsupported arg: auto_download {"metadata":{"emulator":{"name":"ui"},"message":"Ignoring unsupported arg: auto_download"}}
[debug] [2021-03-23T08:41:05.617Z] Ignoring unsupported arg: port {"metadata":{"emulator":{"name":"ui"},"message":"Ignoring unsupported arg: port"}}
[debug] [2021-03-23T08:41:05.617Z] Starting Emulator UI with command {"binary":"node","args":["C:\\Users\\StudentAdmin\\.cache\\firebase\\emulators\\ui-v1.4.1\\server.bundle.js"],"optionalArgs":[],"joinArgs":false} {"metadata":{"emulator":{"name":"ui"},"message":"Starting Emulator UI with command {\"binary\":\"node\",\"args\":[\"C:\\\\Users\\\\StudentAdmin\\\\.cache\\\\firebase\\\\emulators\\\\ui-v1.4.1\\\\server.bundle.js\"],\"optionalArgs\":[],\"joinArgs\":false}"}}
[info] i  ui: Emulator UI logging to ui-debug.log {"metadata":{"emulator":{"name":"ui"},"message":"Emulator UI logging to \u001b[1mui-debug.log\u001b[22m"}}
[debug] [2021-03-23T08:41:05.718Z] Web / API server started at http://localhost:4003
 {"metadata":{"emulator":{"name":"ui"},"message":"Web / API server started at http://localhost:4003\n"}}
[info] i  functions: Watching "C:\60093530\CP3351\project\functions" for Cloud Functions... {"metadata":{"emulator":{"name":"functions"},"message":"Watching \"C:\\60093530\\CP3351\\project\\functions\" for Cloud Functions..."}}
[debug] [2021-03-23T08:41:05.903Z] [worker-pool] addWorker(~diagnostic~) {"metadata":{"emulator":{"name":"functions"},"message":"[worker-pool] addWorker(~diagnostic~)"}}
[debug] [2021-03-23T08:41:05.903Z] [worker-pool] Adding worker with key ~diagnostic~, total=1 {"metadata":{"emulator":{"name":"functions"},"message":"[worker-pool] Adding worker with key ~diagnostic~, total=1"}}
[debug] [2021-03-23T08:41:05.904Z] [worker-pool] submitWork(triggerId=) {"metadata":{"emulator":{"name":"functions"},"message":"[worker-pool] submitWork(triggerId=)"}}
[debug] [2021-03-23T08:41:05.905Z] [worker-~diagnostic~-117c4bb1-7abd-416a-8b15-dd38c8b797f7]: Assigning socketPath: \\?\pipe\C:\60093530\CP3351\project\functions\11500 {"metadata":{"emulator":{"name":"functions"},"message":"[worker-~diagnostic~-117c4bb1-7abd-416a-8b15-dd38c8b797f7]: Assigning socketPath: \\\\?\\pipe\\C:\\60093530\\CP3351\\project\\functions\\11500"}}
[debug] [2021-03-23T08:41:05.906Z] [worker-~diagnostic~-117c4bb1-7abd-416a-8b15-dd38c8b797f7]: BUSY {"metadata":{"emulator":{"name":"functions"},"message":"[worker-~diagnostic~-117c4bb1-7abd-416a-8b15-dd38c8b797f7]: BUSY"}}
[debug] [2021-03-23T08:41:06.097Z] [runtime-status] [11500] Functions runtime initialized. {"cwd":"C:\\60093530\\CP3351\\project\\functions","node_version":"14.15.4"} {"metadata":{"emulator":{"name":"functions"},"message":"[runtime-status] [11500] Functions runtime initialized. {\"cwd\":\"C:\\\\60093530\\\\CP3351\\\\project\\\\functions\",\"node_version\":\"14.15.4\"}"}}
[debug] [2021-03-23T08:41:06.098Z] [runtime-status] [11500] Disabled runtime features: undefined {"metadata":{"emulator":{"name":"functions"},"message":"[runtime-status] [11500] Disabled runtime features: undefined"}}
[debug] [2021-03-23T08:41:06.101Z] [runtime-status] [11500] Resolved module firebase-admin {"declared":true,"installed":true,"version":"9.4.2","resolution":"C:\\60093530\\CP3351\\project\\functions\\node_modules\\firebase-admin\\lib\\index.js"} {"metadata":{"emulator":{"name":"functions"},"message":"[runtime-status] [11500] Resolved module firebase-admin {\"declared\":true,\"installed\":true,\"version\":\"9.4.2\",\"resolution\":\"C:\\\\60093530\\\\CP3351\\\\project\\\\functions\\\\node_modules\\\\firebase-admin\\\\lib\\\\index.js\"}"}}
[debug] [2021-03-23T08:41:06.102Z] [runtime-status] [11500] Resolved module firebase-functions {"declared":true,"installed":true,"version":"3.13.1","resolution":"C:\\60093530\\CP3351\\project\\functions\\node_modules\\firebase-functions\\lib\\index.js"} {"metadata":{"emulator":{"name":"functions"},"message":"[runtime-status] [11500] Resolved module firebase-functions {\"declared\":true,\"installed\":true,\"version\":\"3.13.1\",\"resolution\":\"C:\\\\60093530\\\\CP3351\\\\project\\\\functions\\\\node_modules\\\\firebase-functions\\\\lib\\\\index.js\"}"}}
[debug] [2021-03-23T08:41:06.103Z] [runtime-status] [11500] Resolved module firebase-functions {"declared":true,"installed":true,"version":"3.13.1","resolution":"C:\\60093530\\CP3351\\project\\functions\\node_modules\\firebase-functions\\lib\\index.js"} {"metadata":{"emulator":{"name":"functions"},"message":"[runtime-status] [11500] Resolved module firebase-functions {\"declared\":true,\"installed\":true,\"version\":\"3.13.1\",\"resolution\":\"C:\\\\60093530\\\\CP3351\\\\project\\\\functions\\\\node_modules\\\\firebase-functions\\\\lib\\\\index.js\"}"}}
[debug] [2021-03-23T08:41:06.105Z] [runtime-status] [11500] Outgoing network have been stubbed. [{"name":"http","status":"mocked"},{"name":"http","status":"mocked"},{"name":"https","status":"mocked"},{"name":"https","status":"mocked"},{"name":"net","status":"mocked"}] {"metadata":{"emulator":{"name":"functions"},"message":"[runtime-status] [11500] Outgoing network have been stubbed. [{\"name\":\"http\",\"status\":\"mocked\"},{\"name\":\"http\",\"status\":\"mocked\"},{\"name\":\"https\",\"status\":\"mocked\"},{\"name\":\"https\",\"status\":\"mocked\"},{\"name\":\"net\",\"status\":\"mocked\"}]"}}
[debug] [2021-03-23T08:41:06.105Z] [runtime-status] [11500] Resolved module firebase-functions {"declared":true,"installed":true,"version":"3.13.1","resolution":"C:\\60093530\\CP3351\\project\\functions\\node_modules\\firebase-functions\\lib\\index.js"} {"metadata":{"emulator":{"name":"functions"},"message":"[runtime-status] [11500] Resolved module firebase-functions {\"declared\":true,\"installed\":true,\"version\":\"3.13.1\",\"resolution\":\"C:\\\\60093530\\\\CP3351\\\\project\\\\functions\\\\node_modules\\\\firebase-functions\\\\lib\\\\index.js\"}"}}
[debug] [2021-03-23T08:41:06.145Z] [runtime-status] [11500] Checked functions.config() {"config":{}} {"metadata":{"emulator":{"name":"functions"},"message":"[runtime-status] [11500] Checked functions.config() {\"config\":{}}"}}
[debug] [2021-03-23T08:41:06.145Z] [runtime-status] [11500] firebase-functions has been stubbed. {"functionsResolution":{"declared":true,"installed":true,"version":"3.13.1","resolution":"C:\\60093530\\CP3351\\project\\functions\\node_modules\\firebase-functions\\lib\\index.js"}} {"metadata":{"emulator":{"name":"functions"},"message":"[runtime-status] [11500] firebase-functions has been stubbed. {\"functionsResolution\":{\"declared\":true,\"installed\":true,\"version\":\"3.13.1\",\"resolution\":\"C:\\\\60093530\\\\CP3351\\\\project\\\\functions\\\\node_modules\\\\firebase-functions\\\\lib\\\\index.js\"}}"}}
[debug] [2021-03-23T08:41:06.145Z] [runtime-status] [11500] Resolved module firebase-functions {"declared":true,"installed":true,"version":"3.13.1","resolution":"C:\\60093530\\CP3351\\project\\functions\\node_modules\\firebase-functions\\lib\\index.js"} {"metadata":{"emulator":{"name":"functions"},"message":"[runtime-status] [11500] Resolved module firebase-functions {\"declared\":true,\"installed\":true,\"version\":\"3.13.1\",\"resolution\":\"C:\\\\60093530\\\\CP3351\\\\project\\\\functions\\\\node_modules\\\\firebase-functions\\\\lib\\\\index.js\"}"}}
[debug] [2021-03-23T08:41:06.146Z] [runtime-status] [11500] Resolved module firebase-admin {"declared":true,"installed":true,"version":"9.4.2","resolution":"C:\\60093530\\CP3351\\project\\functions\\node_modules\\firebase-admin\\lib\\index.js"} {"metadata":{"emulator":{"name":"functions"},"message":"[runtime-status] [11500] Resolved module firebase-admin {\"declared\":true,\"installed\":true,\"version\":\"9.4.2\",\"resolution\":\"C:\\\\60093530\\\\CP3351\\\\project\\\\functions\\\\node_modules\\\\firebase-admin\\\\lib\\\\index.js\"}"}}
[debug] [2021-03-23T08:41:06.147Z] [runtime-status] [11500] Resolved module firebase-functions {"declared":true,"installed":true,"version":"3.13.1","resolution":"C:\\60093530\\CP3351\\project\\functions\\node_modules\\firebase-functions\\lib\\index.js"} {"metadata":{"emulator":{"name":"functions"},"message":"[runtime-status] [11500] Resolved module firebase-functions {\"declared\":true,\"installed\":true,\"version\":\"3.13.1\",\"resolution\":\"C:\\\\60093530\\\\CP3351\\\\project\\\\functions\\\\node_modules\\\\firebase-functions\\\\lib\\\\index.js\"}"}}
[debug] [2021-03-23T08:41:06.147Z] [runtime-status] [11500] firebase-admin has been stubbed. {"adminResolution":{"declared":true,"installed":true,"version":"9.4.2","resolution":"C:\\60093530\\CP3351\\project\\functions\\node_modules\\firebase-admin\\lib\\index.js"}} {"metadata":{"emulator":{"name":"functions"},"message":"[runtime-status] [11500] firebase-admin has been stubbed. {\"adminResolution\":{\"declared\":true,\"installed\":true,\"version\":\"9.4.2\",\"resolution\":\"C:\\\\60093530\\\\CP3351\\\\project\\\\functions\\\\node_modules\\\\firebase-admin\\\\lib\\\\index.js\"}}"}}
[debug] [2021-03-23T08:41:06.155Z] [runtime-status] [11500] initializeApp(DEFAULT) {"storageBucket":"best-cp3351-project.appspot.com","databaseURL":"https://best-cp3351-project.firebaseio.com","projectId":"best-cp3351-project"} {"metadata":{"emulator":{"name":"functions"},"message":"[runtime-status] [11500] initializeApp(DEFAULT) {\"storageBucket\":\"best-cp3351-project.appspot.com\",\"databaseURL\":\"https://best-cp3351-project.firebaseio.com\",\"projectId\":\"best-cp3351-project\"}"}}
[debug] [2021-03-23T08:41:06.196Z] [runtime-status] [11500] auth.setJwtVerificationEnabled(false) {"metadata":{"emulator":{"name":"functions"},"message":"[runtime-status] [11500] auth.setJwtVerificationEnabled(false)"}}
[info] +  functions[findAuthUser]: http function initialized (http://localhost:5001/best-cp3351-project/us-central1/findAuthUser). {"metadata":{"emulator":{"name":"functions"},"message":"\u001b[1mhttp\u001b[22m function initialized (http://localhost:5001/best-cp3351-project/us-central1/findAuthUser)."}}
[info] +  functions[createSampleData]: http function initialized (http://localhost:5001/best-cp3351-project/us-central1/createSampleData). {"metadata":{"emulator":{"name":"functions"},"message":"\u001b[1mhttp\u001b[22m function initialized (http://localhost:5001/best-cp3351-project/us-central1/createSampleData)."}}
[debug] [2021-03-23T08:41:06.411Z] addFirestoreTrigger "{\"eventTrigger\":{\"resource\":\"projects/best-cp3351-project/databases/(default)/documents/sensors/{sensorid}/readings/{readingid}\",\"eventType\":\"providers/cloud.firestore/eventTypes/document.create\",\"service\":\"firestore.googleapis.com\"}}"
[debug] [2021-03-23T08:41:06.412Z] >>> HTTP REQUEST PUT http://localhost:8080/emulator/v1/projects/best-cp3351-project/triggers/onNewReading-0  
 {"eventTrigger":{"resource":"projects/best-cp3351-project/databases/(default)/documents/sensors/{sensorid}/readings/{readingid}","eventType":"providers/cloud.firestore/eventTypes/document.create","service":"firestore.googleapis.com"}}
[debug] [2021-03-23T08:41:06.413Z] [worker-~diagnostic~-117c4bb1-7abd-416a-8b15-dd38c8b797f7]: IDLE {"metadata":{"emulator":{"name":"functions"},"message":"[worker-~diagnostic~-117c4bb1-7abd-416a-8b15-dd38c8b797f7]: IDLE"}}
[debug] [2021-03-23T08:41:07.096Z] <<< HTTP RESPONSE 200 {"content-type":"application/json","content-length":"4"}
[info] +  functions[onNewReading]: firestore function initialized. {"metadata":{"emulator":{"name":"functions"},"message":"\u001b[1mfirestore\u001b[22m function initialized."}}
[info] 
┌─────────────────────────────────────────────────────────────┐
│ ✔  All emulators ready! It is now safe to connect your app. │
│ i  View Emulator UI at http://localhost:4003                │
└─────────────────────────────────────────────────────────────┘

┌────────────────┬────────────────┬─────────────────────────────────┐
│ Emulator       │ Host:Port      │ View in Emulator UI             │
├────────────────┼────────────────┼─────────────────────────────────┤
│ Authentication │ localhost:9099 │ http://localhost:4003/auth      │
├────────────────┼────────────────┼─────────────────────────────────┤
│ Functions      │ localhost:5001 │ http://localhost:4003/functions │
├────────────────┼────────────────┼─────────────────────────────────┤
│ Firestore      │ localhost:8080 │ http://localhost:4003/firestore │
├────────────────┼────────────────┼─────────────────────────────────┤
│ Hosting        │ localhost:5000 │ n/a                             │
└────────────────┴────────────────┴─────────────────────────────────┘
  Emulator Hub running at localhost:4400
  Other reserved ports: 4500

Issues? Report them at https://github.com/firebase/firebase-tools/issues and attach the *-debug.log files.
 
[debug] [2021-03-23T08:46:33.988Z] [work-queue] {"queueLength":1,"workRunningCount":0}
[debug] [2021-03-23T08:46:33.989Z] [work-queue] {"queueLength":0,"workRunningCount":1}
[debug] [2021-03-23T08:46:33.989Z] Accepted request POST /best-cp3351-project/us-central1/createSampleData --> createSampleData
[debug] [2021-03-23T08:46:33.993Z] [worker-pool] addWorker(createSampleData) {"metadata":{"emulator":{"name":"functions"},"message":"[worker-pool] addWorker(createSampleData)"}}
[debug] [2021-03-23T08:46:33.993Z] [worker-pool] Adding worker with key createSampleData, total=1 {"metadata":{"emulator":{"name":"functions"},"message":"[worker-pool] Adding worker with key createSampleData, total=1"}}
[debug] [2021-03-23T08:46:33.993Z] [worker-pool] submitWork(triggerId=createSampleData) {"metadata":{"emulator":{"name":"functions"},"message":"[worker-pool] submitWork(triggerId=createSampleData)"}}
[debug] [2021-03-23T08:46:33.994Z] [worker-createSampleData-64809db4-e8f2-4d50-9ceb-1e155b1e1ae6]: Assigning socketPath: \\?\pipe\C:\60093530\CP3351\project\functions\3452 {"metadata":{"emulator":{"name":"functions"},"message":"[worker-createSampleData-64809db4-e8f2-4d50-9ceb-1e155b1e1ae6]: Assigning socketPath: \\\\?\\pipe\\C:\\60093530\\CP3351\\project\\functions\\3452"}}
[debug] [2021-03-23T08:46:33.994Z] [worker-createSampleData-64809db4-e8f2-4d50-9ceb-1e155b1e1ae6]: BUSY {"metadata":{"emulator":{"name":"functions"},"message":"[worker-createSampleData-64809db4-e8f2-4d50-9ceb-1e155b1e1ae6]: BUSY"}}
[debug] [2021-03-23T08:46:34.379Z] [runtime-status] [3452] Functions runtime initialized. {"cwd":"C:\\60093530\\CP3351\\project\\functions","node_version":"14.15.4"} {"metadata":{"emulator":{"name":"functions"},"function":{"name":"createSampleData"},"message":"[runtime-status] [3452] Functions runtime initialized. {\"cwd\":\"C:\\\\60093530\\\\CP3351\\\\project\\\\functions\",\"node_version\":\"14.15.4\"}"}}
[debug] [2021-03-23T08:46:34.384Z] [runtime-status] [3452] Disabled runtime features: undefined {"metadata":{"emulator":{"name":"functions"},"function":{"name":"createSampleData"},"message":"[runtime-status] [3452] Disabled runtime features: undefined"}}
[debug] [2021-03-23T08:46:34.392Z] [runtime-status] [3452] Resolved module firebase-admin {"declared":true,"installed":true,"version":"9.4.2","resolution":"C:\\60093530\\CP3351\\project\\functions\\node_modules\\firebase-admin\\lib\\index.js"} {"metadata":{"emulator":{"name":"functions"},"function":{"name":"createSampleData"},"message":"[runtime-status] [3452] Resolved module firebase-admin {\"declared\":true,\"installed\":true,\"version\":\"9.4.2\",\"resolution\":\"C:\\\\60093530\\\\CP3351\\\\project\\\\functions\\\\node_modules\\\\firebase-admin\\\\lib\\\\index.js\"}"}}
[debug] [2021-03-23T08:46:34.393Z] [runtime-status] [3452] Resolved module firebase-functions {"declared":true,"installed":true,"version":"3.13.1","resolution":"C:\\60093530\\CP3351\\project\\functions\\node_modules\\firebase-functions\\lib\\index.js"} {"metadata":{"emulator":{"name":"functions"},"function":{"name":"createSampleData"},"message":"[runtime-status] [3452] Resolved module firebase-functions {\"declared\":true,\"installed\":true,\"version\":\"3.13.1\",\"resolution\":\"C:\\\\60093530\\\\CP3351\\\\project\\\\functions\\\\node_modules\\\\firebase-functions\\\\lib\\\\index.js\"}"}}
[debug] [2021-03-23T08:46:34.396Z] [runtime-status] [3452] Resolved module firebase-functions {"declared":true,"installed":true,"version":"3.13.1","resolution":"C:\\60093530\\CP3351\\project\\functions\\node_modules\\firebase-functions\\lib\\index.js"} {"metadata":{"emulator":{"name":"functions"},"function":{"name":"createSampleData"},"message":"[runtime-status] [3452] Resolved module firebase-functions {\"declared\":true,\"installed\":true,\"version\":\"3.13.1\",\"resolution\":\"C:\\\\60093530\\\\CP3351\\\\project\\\\functions\\\\node_modules\\\\firebase-functions\\\\lib\\\\index.js\"}"}}
[debug] [2021-03-23T08:46:34.401Z] [runtime-status] [3452] Outgoing network have been stubbed. [{"name":"http","status":"mocked"},{"name":"http","status":"mocked"},{"name":"https","status":"mocked"},{"name":"https","status":"mocked"},{"name":"net","status":"mocked"}] {"metadata":{"emulator":{"name":"functions"},"function":{"name":"createSampleData"},"message":"[runtime-status] [3452] Outgoing network have been stubbed. [{\"name\":\"http\",\"status\":\"mocked\"},{\"name\":\"http\",\"status\":\"mocked\"},{\"name\":\"https\",\"status\":\"mocked\"},{\"name\":\"https\",\"status\":\"mocked\"},{\"name\":\"net\",\"status\":\"mocked\"}]"}}
[debug] [2021-03-23T08:46:34.402Z] [runtime-status] [3452] Resolved module firebase-functions {"declared":true,"installed":true,"version":"3.13.1","resolution":"C:\\60093530\\CP3351\\project\\functions\\node_modules\\firebase-functions\\lib\\index.js"} {"metadata":{"emulator":{"name":"functions"},"function":{"name":"createSampleData"},"message":"[runtime-status] [3452] Resolved module firebase-functions {\"declared\":true,\"installed\":true,\"version\":\"3.13.1\",\"resolution\":\"C:\\\\60093530\\\\CP3351\\\\project\\\\functions\\\\node_modules\\\\firebase-functions\\\\lib\\\\index.js\"}"}}
[debug] [2021-03-23T08:46:34.507Z] [runtime-status] [3452] Checked functions.config() {"config":{}} {"metadata":{"emulator":{"name":"functions"},"function":{"name":"createSampleData"},"message":"[runtime-status] [3452] Checked functions.config() {\"config\":{}}"}}
[debug] [2021-03-23T08:46:34.508Z] [runtime-status] [3452] firebase-functions has been stubbed. {"functionsResolution":{"declared":true,"installed":true,"version":"3.13.1","resolution":"C:\\60093530\\CP3351\\project\\functions\\node_modules\\firebase-functions\\lib\\index.js"}} {"metadata":{"emulator":{"name":"functions"},"function":{"name":"createSampleData"},"message":"[runtime-status] [3452] firebase-functions has been stubbed. {\"functionsResolution\":{\"declared\":true,\"installed\":true,\"version\":\"3.13.1\",\"resolution\":\"C:\\\\60093530\\\\CP3351\\\\project\\\\functions\\\\node_modules\\\\firebase-functions\\\\lib\\\\index.js\"}}"}}
[debug] [2021-03-23T08:46:34.509Z] [runtime-status] [3452] Resolved module firebase-functions {"declared":true,"installed":true,"version":"3.13.1","resolution":"C:\\60093530\\CP3351\\project\\functions\\node_modules\\firebase-functions\\lib\\index.js"} {"metadata":{"emulator":{"name":"functions"},"function":{"name":"createSampleData"},"message":"[runtime-status] [3452] Resolved module firebase-functions {\"declared\":true,\"installed\":true,\"version\":\"3.13.1\",\"resolution\":\"C:\\\\60093530\\\\CP3351\\\\project\\\\functions\\\\node_modules\\\\firebase-functions\\\\lib\\\\index.js\"}"}}
[debug] [2021-03-23T08:46:34.510Z] [runtime-status] [3452] Resolved module firebase-admin {"declared":true,"installed":true,"version":"9.4.2","resolution":"C:\\60093530\\CP3351\\project\\functions\\node_modules\\firebase-admin\\lib\\index.js"} {"metadata":{"emulator":{"name":"functions"},"function":{"name":"createSampleData"},"message":"[runtime-status] [3452] Resolved module firebase-admin {\"declared\":true,\"installed\":true,\"version\":\"9.4.2\",\"resolution\":\"C:\\\\60093530\\\\CP3351\\\\project\\\\functions\\\\node_modules\\\\firebase-admin\\\\lib\\\\index.js\"}"}}
[debug] [2021-03-23T08:46:34.511Z] [runtime-status] [3452] Resolved module firebase-functions {"declared":true,"installed":true,"version":"3.13.1","resolution":"C:\\60093530\\CP3351\\project\\functions\\node_modules\\firebase-functions\\lib\\index.js"} {"metadata":{"emulator":{"name":"functions"},"function":{"name":"createSampleData"},"message":"[runtime-status] [3452] Resolved module firebase-functions {\"declared\":true,\"installed\":true,\"version\":\"3.13.1\",\"resolution\":\"C:\\\\60093530\\\\CP3351\\\\project\\\\functions\\\\node_modules\\\\firebase-functions\\\\lib\\\\index.js\"}"}}
[debug] [2021-03-23T08:46:34.511Z] [runtime-status] [3452] firebase-admin has been stubbed. {"adminResolution":{"declared":true,"installed":true,"version":"9.4.2","resolution":"C:\\60093530\\CP3351\\project\\functions\\node_modules\\firebase-admin\\lib\\index.js"}} {"metadata":{"emulator":{"name":"functions"},"function":{"name":"createSampleData"},"message":"[runtime-status] [3452] firebase-admin has been stubbed. {\"adminResolution\":{\"declared\":true,\"installed\":true,\"version\":\"9.4.2\",\"resolution\":\"C:\\\\60093530\\\\CP3351\\\\project\\\\functions\\\\node_modules\\\\firebase-admin\\\\lib\\\\index.js\"}}"}}
[debug] [2021-03-23T08:46:34.531Z] [runtime-status] [3452] initializeApp(DEFAULT) {"storageBucket":"best-cp3351-project.appspot.com","databaseURL":"https://best-cp3351-project.firebaseio.com","projectId":"best-cp3351-project"} {"metadata":{"emulator":{"name":"functions"},"function":{"name":"createSampleData"},"message":"[runtime-status] [3452] initializeApp(DEFAULT) {\"storageBucket\":\"best-cp3351-project.appspot.com\",\"databaseURL\":\"https://best-cp3351-project.firebaseio.com\",\"projectId\":\"best-cp3351-project\"}"}}
[debug] [2021-03-23T08:46:34.590Z] [runtime-status] [3452] auth.setJwtVerificationEnabled(false) {"metadata":{"emulator":{"name":"functions"},"function":{"name":"createSampleData"},"message":"[runtime-status] [3452] auth.setJwtVerificationEnabled(false)"}}
[debug] [2021-03-23T08:46:34.843Z] [runtime-status] [3452] Trigger "createSampleData" has been found, beginning invocation! {"metadata":{"emulator":{"name":"functions"},"function":{"name":"createSampleData"},"message":"[runtime-status] [3452] Trigger \"createSampleData\" has been found, beginning invocation!"}}
[info] i  functions: Beginning execution of "createSampleData" {"metadata":{"emulator":{"name":"functions"},"function":{"name":"createSampleData"},"message":"Beginning execution of \"createSampleData\""}}
[debug] [2021-03-23T08:46:34.844Z] [runtime-status] [3452] triggerDefinition {"httpsTrigger":{},"labels":{"deployment-callable":"true"},"name":"createSampleData","entryPoint":"createSampleData"} {"metadata":{"emulator":{"name":"functions"},"function":{"name":"createSampleData"},"message":"[runtime-status] [3452] triggerDefinition {\"httpsTrigger\":{},\"labels\":{\"deployment-callable\":\"true\"},\"name\":\"createSampleData\",\"entryPoint\":\"createSampleData\"}"}}
[debug] [2021-03-23T08:46:34.844Z] [runtime-status] [3452] Running createSampleData in mode HTTPS {"metadata":{"emulator":{"name":"functions"},"function":{"name":"createSampleData"},"message":"[runtime-status] [3452] Running createSampleData in mode HTTPS"}}
[debug] [2021-03-23T08:46:34.848Z] [runtime-status] [3452] Attempting to listen to socketPath: \\?\pipe\C:\60093530\CP3351\project\functions\3452 {"metadata":{"emulator":{"name":"functions"},"function":{"name":"createSampleData"},"message":"[runtime-status] [3452] Attempting to listen to socketPath: \\\\?\\pipe\\C:\\60093530\\CP3351\\project\\functions\\3452"}}
[debug] [2021-03-23T08:46:34.850Z] [functions] Runtime ready! Sending request! {"metadata":{"emulator":{"name":"functions"},"message":"[functions] Runtime ready! Sending request!"}}
[debug] [2021-03-23T08:46:34.851Z] [functions] Got req.url=/best-cp3351-project/us-central1/createSampleData, mapping to path=/ {"metadata":{"emulator":{"name":"functions"},"message":"[functions] Got req.url=/best-cp3351-project/us-central1/createSampleData, mapping to path=/"}}
[debug] [2021-03-23T08:46:34.868Z] [runtime-status] [3452] Ephemeral server handling POST request {"metadata":{"emulator":{"name":"functions"},"function":{"name":"createSampleData"},"message":"[runtime-status] [3452] Ephemeral server handling POST request"}}
[debug] [2021-03-23T08:46:34.870Z] [runtime-status] [3452] No callable functions auth found {"metadata":{"emulator":{"name":"functions"},"function":{"name":"createSampleData"},"message":"[runtime-status] [3452] No callable functions auth found"}}
[debug] [2021-03-23T08:46:34.873Z] [runtime-status] [3452] Ephemeral server survived. {"metadata":{"emulator":{"name":"functions"},"function":{"name":"createSampleData"},"message":"[runtime-status] [3452] Ephemeral server survived."}}
[debug] [2021-03-23T08:46:35.063Z] >>> [apiv2][query] POST http://localhost:5001/functions/projects/best-cp3351-project/trigger_multicast [none]
[debug] [2021-03-23T08:46:35.063Z] >>> [apiv2][body] POST http://localhost:5001/functions/projects/best-cp3351-project/trigger_multicast {"eventType":"providers/firebase.auth/eventTypes/user.create","data":{"uid":"1cq3sPjV1alYYdGvhiVY3AaV2JIy","email":"joe@joe.com","emailVerified":false,"metadata":{"creationTime":"1616489195062","lastSignInTime":"1616489195062"},"customClaims":{},"providerData":[{"providerId":"password","email":"joe@joe.com","federatedId":"joe@joe.com","rawId":"joe@joe.com"}]}}
[debug] [2021-03-23T08:46:35.072Z] <<< [apiv2][status] POST http://localhost:5001/functions/projects/best-cp3351-project/trigger_multicast 200
[debug] [2021-03-23T08:46:35.072Z] <<< [apiv2][body] POST http://localhost:5001/functions/projects/best-cp3351-project/trigger_multicast {"status":"multicast_acknowledged"}
[info] >  {"authId1":"1cq3sPjV1alYYdGvhiVY3AaV2JIy","severity":"INFO","message":"authId1"} {"user":{"authId1":"1cq3sPjV1alYYdGvhiVY3AaV2JIy","severity":"INFO","message":"authId1"},"metadata":{"emulator":{"name":"functions"},"function":{"name":"createSampleData"},"message":"\u001b[90m> \u001b[39m {\"authId1\":\"1cq3sPjV1alYYdGvhiVY3AaV2JIy\",\"severity\":\"INFO\",\"message\":\"authId1\"}"}}
[debug] [2021-03-23T08:46:35.075Z] >>> [apiv2][query] POST http://localhost:5001/functions/projects/best-cp3351-project/trigger_multicast [none]
[debug] [2021-03-23T08:46:35.075Z] >>> [apiv2][body] POST http://localhost:5001/functions/projects/best-cp3351-project/trigger_multicast {"eventType":"providers/firebase.auth/eventTypes/user.create","data":{"uid":"Lq2TniGaATCNQjPJnyg2hZuD2oMv","email":"ann@ann.com","emailVerified":false,"metadata":{"creationTime":"1616489195075","lastSignInTime":"1616489195074"},"customClaims":{},"providerData":[{"providerId":"password","email":"ann@ann.com","federatedId":"ann@ann.com","rawId":"ann@ann.com"}]}}
[debug] [2021-03-23T08:46:35.078Z] <<< [apiv2][status] POST http://localhost:5001/functions/projects/best-cp3351-project/trigger_multicast 200
[debug] [2021-03-23T08:46:35.079Z] <<< [apiv2][body] POST http://localhost:5001/functions/projects/best-cp3351-project/trigger_multicast {"status":"multicast_acknowledged"}
[info] >  {"authId2":"Lq2TniGaATCNQjPJnyg2hZuD2oMv","severity":"INFO","message":"authId2"} {"user":{"authId2":"Lq2TniGaATCNQjPJnyg2hZuD2oMv","severity":"INFO","message":"authId2"},"metadata":{"emulator":{"name":"functions"},"function":{"name":"createSampleData"},"message":"\u001b[90m> \u001b[39m {\"authId2\":\"Lq2TniGaATCNQjPJnyg2hZuD2oMv\",\"severity\":\"INFO\",\"message\":\"authId2\"}"}}
[debug] [2021-03-23T08:46:35.082Z] >>> [apiv2][query] POST http://localhost:5001/functions/projects/best-cp3351-project/trigger_multicast [none]
[debug] [2021-03-23T08:46:35.082Z] >>> [apiv2][body] POST http://localhost:5001/functions/projects/best-cp3351-project/trigger_multicast {"eventType":"providers/firebase.auth/eventTypes/user.create","data":{"uid":"RlfbkZ4CtGTo23gA4kIroHCn7jvq","email":"admin@admin.com","emailVerified":false,"metadata":{"creationTime":"1616489195082","lastSignInTime":"1616489195082"},"customClaims":{},"providerData":[{"providerId":"password","email":"admin@admin.com","federatedId":"admin@admin.com","rawId":"admin@admin.com"}]}}
[debug] [2021-03-23T08:46:35.085Z] <<< [apiv2][status] POST http://localhost:5001/functions/projects/best-cp3351-project/trigger_multicast 200
[debug] [2021-03-23T08:46:35.085Z] <<< [apiv2][body] POST http://localhost:5001/functions/projects/best-cp3351-project/trigger_multicast {"status":"multicast_acknowledged"}
[info] >  {"authId3":"RlfbkZ4CtGTo23gA4kIroHCn7jvq","severity":"INFO","message":"authId3"} {"user":{"authId3":"RlfbkZ4CtGTo23gA4kIroHCn7jvq","severity":"INFO","message":"authId3"},"metadata":{"emulator":{"name":"functions"},"function":{"name":"createSampleData"},"message":"\u001b[90m> \u001b[39m {\"authId3\":\"RlfbkZ4CtGTo23gA4kIroHCn7jvq\",\"severity\":\"INFO\",\"message\":\"authId3\"}"}}
[debug] [2021-03-23T08:46:35.089Z] >>> [apiv2][query] POST http://localhost:5001/functions/projects/best-cp3351-project/trigger_multicast [none]
[debug] [2021-03-23T08:46:35.089Z] >>> [apiv2][body] POST http://localhost:5001/functions/projects/best-cp3351-project/trigger_multicast {"eventType":"providers/firebase.auth/eventTypes/user.create","data":{"uid":"8zm5Dg2tA6N4z99S59VDeP4s8frm","email":"fred@fred.com","emailVerified":false,"metadata":{"creationTime":"1616489195089","lastSignInTime":"1616489195089"},"customClaims":{},"providerData":[{"providerId":"password","email":"fred@fred.com","federatedId":"fred@fred.com","rawId":"fred@fred.com"}]}}
[debug] [2021-03-23T08:46:35.091Z] <<< [apiv2][status] POST http://localhost:5001/functions/projects/best-cp3351-project/trigger_multicast 200
[debug] [2021-03-23T08:46:35.092Z] <<< [apiv2][body] POST http://localhost:5001/functions/projects/best-cp3351-project/trigger_multicast {"status":"multicast_acknowledged"}
[info] >  {"authId4":"8zm5Dg2tA6N4z99S59VDeP4s8frm","severity":"INFO","message":"authId4"} {"user":{"authId4":"8zm5Dg2tA6N4z99S59VDeP4s8frm","severity":"INFO","message":"authId4"},"metadata":{"emulator":{"name":"functions"},"function":{"name":"createSampleData"},"message":"\u001b[90m> \u001b[39m {\"authId4\":\"8zm5Dg2tA6N4z99S59VDeP4s8frm\",\"severity\":\"INFO\",\"message\":\"authId4\"}"}}
[info] >  {"result1":{"_writeTime":{"_seconds":1616489195,"_nanoseconds":152926000}},"severity":"INFO","message":"result1"} {"user":{"result1":{"_writeTime":{"_seconds":1616489195,"_nanoseconds":152926000}},"severity":"INFO","message":"result1"},"metadata":{"emulator":{"name":"functions"},"function":{"name":"createSampleData"},"message":"\u001b[90m> \u001b[39m {\"result1\":{\"_writeTime\":{\"_seconds\":1616489195,\"_nanoseconds\":152926000}},\"severity\":\"INFO\",\"message\":\"result1\"}"}}
[info] >  {"result2":{"_writeTime":{"_seconds":1616489195,"_nanoseconds":203890000}},"severity":"INFO","message":"result2"} {"user":{"result2":{"_writeTime":{"_seconds":1616489195,"_nanoseconds":203890000}},"severity":"INFO","message":"result2"},"metadata":{"emulator":{"name":"functions"},"function":{"name":"createSampleData"},"message":"\u001b[90m> \u001b[39m {\"result2\":{\"_writeTime\":{\"_seconds\":1616489195,\"_nanoseconds\":203890000}},\"severity\":\"INFO\",\"message\":\"result2\"}"}}
[info] >  {"result3":{"_writeTime":{"_seconds":1616489195,"_nanoseconds":220875000}},"severity":"INFO","message":"result3"} {"user":{"result3":{"_writeTime":{"_seconds":1616489195,"_nanoseconds":220875000}},"severity":"INFO","message":"result3"},"metadata":{"emulator":{"name":"functions"},"function":{"name":"createSampleData"},"message":"\u001b[90m> \u001b[39m {\"result3\":{\"_writeTime\":{\"_seconds\":1616489195,\"_nanoseconds\":220875000}},\"severity\":\"INFO\",\"message\":\"result3\"}"}}
[info] >  {"result4":{"_writeTime":{"_seconds":1616489195,"_nanoseconds":239865000}},"severity":"INFO","message":"result4"} {"user":{"result4":{"_writeTime":{"_seconds":1616489195,"_nanoseconds":239865000}},"severity":"INFO","message":"result4"},"metadata":{"emulator":{"name":"functions"},"function":{"name":"createSampleData"},"message":"\u001b[90m> \u001b[39m {\"result4\":{\"_writeTime\":{\"_seconds\":1616489195,\"_nanoseconds\":239865000}},\"severity\":\"INFO\",\"message\":\"result4\"}"}}
[info] >  {"categoryId1":"ASvqeJ1LYXITDXlI0Voj","severity":"INFO","message":"categoryId1"} {"user":{"categoryId1":"ASvqeJ1LYXITDXlI0Voj","severity":"INFO","message":"categoryId1"},"metadata":{"emulator":{"name":"functions"},"function":{"name":"createSampleData"},"message":"\u001b[90m> \u001b[39m {\"categoryId1\":\"ASvqeJ1LYXITDXlI0Voj\",\"severity\":\"INFO\",\"message\":\"categoryId1\"}"}}
[info] >  {"categoryId2":"vus9lguvBx3XDGbGMdjK","severity":"INFO","message":"categoryId2"} {"user":{"categoryId2":"vus9lguvBx3XDGbGMdjK","severity":"INFO","message":"categoryId2"},"metadata":{"emulator":{"name":"functions"},"function":{"name":"createSampleData"},"message":"\u001b[90m> \u001b[39m {\"categoryId2\":\"vus9lguvBx3XDGbGMdjK\",\"severity\":\"INFO\",\"message\":\"categoryId2\"}"}}
[info] >  {"sensorId1":"41XfvVJ1m4MC4GJPDprJ","severity":"INFO","message":"sensorId1"} {"user":{"sensorId1":"41XfvVJ1m4MC4GJPDprJ","severity":"INFO","message":"sensorId1"},"metadata":{"emulator":{"name":"functions"},"function":{"name":"createSampleData"},"message":"\u001b[90m> \u001b[39m {\"sensorId1\":\"41XfvVJ1m4MC4GJPDprJ\",\"severity\":\"INFO\",\"message\":\"sensorId1\"}"}}
[info] >  {"sensorId2":"rFb7tdxId7edfJ0IFKZR","severity":"INFO","message":"sensorId2"} {"user":{"sensorId2":"rFb7tdxId7edfJ0IFKZR","severity":"INFO","message":"sensorId2"},"metadata":{"emulator":{"name":"functions"},"function":{"name":"createSampleData"},"message":"\u001b[90m> \u001b[39m {\"sensorId2\":\"rFb7tdxId7edfJ0IFKZR\",\"severity\":\"INFO\",\"message\":\"sensorId2\"}"}}
[debug] [2021-03-23T08:46:35.303Z] >>> [apiv2][query] POST http://localhost:5001/functions/projects/best-cp3351-project/trigger_multicast [none]
[debug] [2021-03-23T08:46:35.303Z] >>> [apiv2][body] POST http://localhost:5001/functions/projects/best-cp3351-project/trigger_multicast {"eventType":"providers/firebase.auth/eventTypes/user.create","data":{"uid":"Al8L3KuRPxhm9KQwHPPVo3O98yT6","email":"mark@mark.com","emailVerified":false,"metadata":{"creationTime":"1616489195303","lastSignInTime":"1616489195303"},"customClaims":{},"providerData":[{"providerId":"password","email":"mark@mark.com","federatedId":"mark@mark.com","rawId":"mark@mark.com"}]}}
[debug] [2021-03-23T08:46:35.310Z] <<< [apiv2][status] POST http://localhost:5001/functions/projects/best-cp3351-project/trigger_multicast 200
[debug] [2021-03-23T08:46:35.310Z] <<< [apiv2][body] POST http://localhost:5001/functions/projects/best-cp3351-project/trigger_multicast {"status":"multicast_acknowledged"}
[info] >  {"authId5":"Al8L3KuRPxhm9KQwHPPVo3O98yT6","severity":"INFO","message":"authId5"} {"user":{"authId5":"Al8L3KuRPxhm9KQwHPPVo3O98yT6","severity":"INFO","message":"authId5"},"metadata":{"emulator":{"name":"functions"},"function":{"name":"createSampleData"},"message":"\u001b[90m> \u001b[39m {\"authId5\":\"Al8L3KuRPxhm9KQwHPPVo3O98yT6\",\"severity\":\"INFO\",\"message\":\"authId5\"}"}}
[info] >  {"result5":{"_writeTime":{"_seconds":1616489195,"_nanoseconds":318823000}},"severity":"INFO","message":"result5"} {"user":{"result5":{"_writeTime":{"_seconds":1616489195,"_nanoseconds":318823000}},"severity":"INFO","message":"result5"},"metadata":{"emulator":{"name":"functions"},"function":{"name":"createSampleData"},"message":"\u001b[90m> \u001b[39m {\"result5\":{\"_writeTime\":{\"_seconds\":1616489195,\"_nanoseconds\":318823000}},\"severity\":\"INFO\",\"message\":\"result5\"}"}}
[info] >  {"categoryId3":"Q4HO7cFGhGbLN3LLTf5M","severity":"INFO","message":"categoryId3"} {"user":{"categoryId3":"Q4HO7cFGhGbLN3LLTf5M","severity":"INFO","message":"categoryId3"},"metadata":{"emulator":{"name":"functions"},"function":{"name":"createSampleData"},"message":"\u001b[90m> \u001b[39m {\"categoryId3\":\"Q4HO7cFGhGbLN3LLTf5M\",\"severity\":\"INFO\",\"message\":\"categoryId3\"}"}}
[info] >  {"sensorId7":"CpnzMsIKDFA21D6yJnHA","severity":"INFO","message":"sensorId7"} {"user":{"sensorId7":"CpnzMsIKDFA21D6yJnHA","severity":"INFO","message":"sensorId7"},"metadata":{"emulator":{"name":"functions"},"function":{"name":"createSampleData"},"message":"\u001b[90m> \u001b[39m {\"sensorId7\":\"CpnzMsIKDFA21D6yJnHA\",\"severity\":\"INFO\",\"message\":\"sensorId7\"}"}}
[debug] [2021-03-23T08:46:35.379Z] >>> [apiv2][query] POST http://localhost:5001/functions/projects/best-cp3351-project/trigger_multicast [none]
[debug] [2021-03-23T08:46:35.379Z] >>> [apiv2][body] POST http://localhost:5001/functions/projects/best-cp3351-project/trigger_multicast {"eventType":"providers/firebase.auth/eventTypes/user.create","data":{"uid":"tLNt5wYetzO9mGGSLrYmpd1P7ETP","email":"cs@cs.com","emailVerified":false,"metadata":{"creationTime":"1616489195379","lastSignInTime":"1616489195379"},"customClaims":{},"providerData":[{"providerId":"password","email":"cs@cs.com","federatedId":"cs@cs.com","rawId":"cs@cs.com"}]}}
[debug] [2021-03-23T08:46:35.387Z] <<< [apiv2][status] POST http://localhost:5001/functions/projects/best-cp3351-project/trigger_multicast 200
[debug] [2021-03-23T08:46:35.387Z] <<< [apiv2][body] POST http://localhost:5001/functions/projects/best-cp3351-project/trigger_multicast {"status":"multicast_acknowledged"}
[info] i  functions: Finished "createSampleData" in ~1s {"metadata":{"emulator":{"name":"functions"},"function":{"name":"createSampleData"},"message":"Finished \"createSampleData\" in ~1s"}}
[debug] [2021-03-23T08:46:35.455Z] [worker-createSampleData-64809db4-e8f2-4d50-9ceb-1e155b1e1ae6]: IDLE {"metadata":{"emulator":{"name":"functions"},"message":"[worker-createSampleData-64809db4-e8f2-4d50-9ceb-1e155b1e1ae6]: IDLE"}}
[debug] [2021-03-23T08:46:35.456Z] [work-queue] {"queueLength":0,"workRunningCount":0}
[debug] [2021-03-23T08:46:42.544Z] [work-queue] {"queueLength":1,"workRunningCount":0}
[debug] [2021-03-23T08:46:42.545Z] [work-queue] {"queueLength":0,"workRunningCount":1}
[debug] [2021-03-23T08:46:42.545Z] Accepted request POST /best-cp3351-project/us-central1/findAuthUser --> findAuthUser
[debug] [2021-03-23T08:46:42.553Z] [worker-pool] addWorker(findAuthUser) {"metadata":{"emulator":{"name":"functions"},"message":"[worker-pool] addWorker(findAuthUser)"}}
[debug] [2021-03-23T08:46:42.554Z] [worker-pool] Adding worker with key findAuthUser, total=1 {"metadata":{"emulator":{"name":"functions"},"message":"[worker-pool] Adding worker with key findAuthUser, total=1"}}
[debug] [2021-03-23T08:46:42.554Z] [worker-pool] submitWork(triggerId=findAuthUser) {"metadata":{"emulator":{"name":"functions"},"message":"[worker-pool] submitWork(triggerId=findAuthUser)"}}
[debug] [2021-03-23T08:46:42.555Z] [worker-findAuthUser-775e2b0d-bf65-4c17-bef6-05d8638d447a]: Assigning socketPath: \\?\pipe\C:\60093530\CP3351\project\functions\10764 {"metadata":{"emulator":{"name":"functions"},"message":"[worker-findAuthUser-775e2b0d-bf65-4c17-bef6-05d8638d447a]: Assigning socketPath: \\\\?\\pipe\\C:\\60093530\\CP3351\\project\\functions\\10764"}}
[debug] [2021-03-23T08:46:42.556Z] [worker-findAuthUser-775e2b0d-bf65-4c17-bef6-05d8638d447a]: BUSY {"metadata":{"emulator":{"name":"functions"},"message":"[worker-findAuthUser-775e2b0d-bf65-4c17-bef6-05d8638d447a]: BUSY"}}
[debug] [2021-03-23T08:46:42.758Z] [runtime-status] [10764] Functions runtime initialized. {"cwd":"C:\\60093530\\CP3351\\project\\functions","node_version":"14.15.4"} {"metadata":{"emulator":{"name":"functions"},"function":{"name":"findAuthUser"},"message":"[runtime-status] [10764] Functions runtime initialized. {\"cwd\":\"C:\\\\60093530\\\\CP3351\\\\project\\\\functions\",\"node_version\":\"14.15.4\"}"}}
[debug] [2021-03-23T08:46:42.759Z] [runtime-status] [10764] Disabled runtime features: undefined {"metadata":{"emulator":{"name":"functions"},"function":{"name":"findAuthUser"},"message":"[runtime-status] [10764] Disabled runtime features: undefined"}}
[debug] [2021-03-23T08:46:42.762Z] [runtime-status] [10764] Resolved module firebase-admin {"declared":true,"installed":true,"version":"9.4.2","resolution":"C:\\60093530\\CP3351\\project\\functions\\node_modules\\firebase-admin\\lib\\index.js"} {"metadata":{"emulator":{"name":"functions"},"function":{"name":"findAuthUser"},"message":"[runtime-status] [10764] Resolved module firebase-admin {\"declared\":true,\"installed\":true,\"version\":\"9.4.2\",\"resolution\":\"C:\\\\60093530\\\\CP3351\\\\project\\\\functions\\\\node_modules\\\\firebase-admin\\\\lib\\\\index.js\"}"}}
[debug] [2021-03-23T08:46:42.763Z] [runtime-status] [10764] Resolved module firebase-functions {"declared":true,"installed":true,"version":"3.13.1","resolution":"C:\\60093530\\CP3351\\project\\functions\\node_modules\\firebase-functions\\lib\\index.js"} {"metadata":{"emulator":{"name":"functions"},"function":{"name":"findAuthUser"},"message":"[runtime-status] [10764] Resolved module firebase-functions {\"declared\":true,\"installed\":true,\"version\":\"3.13.1\",\"resolution\":\"C:\\\\60093530\\\\CP3351\\\\project\\\\functions\\\\node_modules\\\\firebase-functions\\\\lib\\\\index.js\"}"}}
[debug] [2021-03-23T08:46:42.765Z] [runtime-status] [10764] Resolved module firebase-functions {"declared":true,"installed":true,"version":"3.13.1","resolution":"C:\\60093530\\CP3351\\project\\functions\\node_modules\\firebase-functions\\lib\\index.js"} {"metadata":{"emulator":{"name":"functions"},"function":{"name":"findAuthUser"},"message":"[runtime-status] [10764] Resolved module firebase-functions {\"declared\":true,\"installed\":true,\"version\":\"3.13.1\",\"resolution\":\"C:\\\\60093530\\\\CP3351\\\\project\\\\functions\\\\node_modules\\\\firebase-functions\\\\lib\\\\index.js\"}"}}
[debug] [2021-03-23T08:46:42.766Z] [runtime-status] [10764] Outgoing network have been stubbed. [{"name":"http","status":"mocked"},{"name":"http","status":"mocked"},{"name":"https","status":"mocked"},{"name":"https","status":"mocked"},{"name":"net","status":"mocked"}] {"metadata":{"emulator":{"name":"functions"},"function":{"name":"findAuthUser"},"message":"[runtime-status] [10764] Outgoing network have been stubbed. [{\"name\":\"http\",\"status\":\"mocked\"},{\"name\":\"http\",\"status\":\"mocked\"},{\"name\":\"https\",\"status\":\"mocked\"},{\"name\":\"https\",\"status\":\"mocked\"},{\"name\":\"net\",\"status\":\"mocked\"}]"}}
[debug] [2021-03-23T08:46:42.767Z] [runtime-status] [10764] Resolved module firebase-functions {"declared":true,"installed":true,"version":"3.13.1","resolution":"C:\\60093530\\CP3351\\project\\functions\\node_modules\\firebase-functions\\lib\\index.js"} {"metadata":{"emulator":{"name":"functions"},"function":{"name":"findAuthUser"},"message":"[runtime-status] [10764] Resolved module firebase-functions {\"declared\":true,\"installed\":true,\"version\":\"3.13.1\",\"resolution\":\"C:\\\\60093530\\\\CP3351\\\\project\\\\functions\\\\node_modules\\\\firebase-functions\\\\lib\\\\index.js\"}"}}
[debug] [2021-03-23T08:46:42.813Z] [runtime-status] [10764] Checked functions.config() {"config":{}} {"metadata":{"emulator":{"name":"functions"},"function":{"name":"findAuthUser"},"message":"[runtime-status] [10764] Checked functions.config() {\"config\":{}}"}}
[debug] [2021-03-23T08:46:42.813Z] [runtime-status] [10764] firebase-functions has been stubbed. {"functionsResolution":{"declared":true,"installed":true,"version":"3.13.1","resolution":"C:\\60093530\\CP3351\\project\\functions\\node_modules\\firebase-functions\\lib\\index.js"}} {"metadata":{"emulator":{"name":"functions"},"function":{"name":"findAuthUser"},"message":"[runtime-status] [10764] firebase-functions has been stubbed. {\"functionsResolution\":{\"declared\":true,\"installed\":true,\"version\":\"3.13.1\",\"resolution\":\"C:\\\\60093530\\\\CP3351\\\\project\\\\functions\\\\node_modules\\\\firebase-functions\\\\lib\\\\index.js\"}}"}}
[debug] [2021-03-23T08:46:42.813Z] [runtime-status] [10764] Resolved module firebase-functions {"declared":true,"installed":true,"version":"3.13.1","resolution":"C:\\60093530\\CP3351\\project\\functions\\node_modules\\firebase-functions\\lib\\index.js"} {"metadata":{"emulator":{"name":"functions"},"function":{"name":"findAuthUser"},"message":"[runtime-status] [10764] Resolved module firebase-functions {\"declared\":true,\"installed\":true,\"version\":\"3.13.1\",\"resolution\":\"C:\\\\60093530\\\\CP3351\\\\project\\\\functions\\\\node_modules\\\\firebase-functions\\\\lib\\\\index.js\"}"}}
[debug] [2021-03-23T08:46:42.814Z] [runtime-status] [10764] Resolved module firebase-admin {"declared":true,"installed":true,"version":"9.4.2","resolution":"C:\\60093530\\CP3351\\project\\functions\\node_modules\\firebase-admin\\lib\\index.js"} {"metadata":{"emulator":{"name":"functions"},"function":{"name":"findAuthUser"},"message":"[runtime-status] [10764] Resolved module firebase-admin {\"declared\":true,\"installed\":true,\"version\":\"9.4.2\",\"resolution\":\"C:\\\\60093530\\\\CP3351\\\\project\\\\functions\\\\node_modules\\\\firebase-admin\\\\lib\\\\index.js\"}"}}
[debug] [2021-03-23T08:46:42.815Z] [runtime-status] [10764] Resolved module firebase-functions {"declared":true,"installed":true,"version":"3.13.1","resolution":"C:\\60093530\\CP3351\\project\\functions\\node_modules\\firebase-functions\\lib\\index.js"} {"metadata":{"emulator":{"name":"functions"},"function":{"name":"findAuthUser"},"message":"[runtime-status] [10764] Resolved module firebase-functions {\"declared\":true,\"installed\":true,\"version\":\"3.13.1\",\"resolution\":\"C:\\\\60093530\\\\CP3351\\\\project\\\\functions\\\\node_modules\\\\firebase-functions\\\\lib\\\\index.js\"}"}}
[debug] [2021-03-23T08:46:42.815Z] [runtime-status] [10764] firebase-admin has been stubbed. {"adminResolution":{"declared":true,"installed":true,"version":"9.4.2","resolution":"C:\\60093530\\CP3351\\project\\functions\\node_modules\\firebase-admin\\lib\\index.js"}} {"metadata":{"emulator":{"name":"functions"},"function":{"name":"findAuthUser"},"message":"[runtime-status] [10764] firebase-admin has been stubbed. {\"adminResolution\":{\"declared\":true,\"installed\":true,\"version\":\"9.4.2\",\"resolution\":\"C:\\\\60093530\\\\CP3351\\\\project\\\\functions\\\\node_modules\\\\firebase-admin\\\\lib\\\\index.js\"}}"}}
[debug] [2021-03-23T08:46:42.827Z] [runtime-status] [10764] initializeApp(DEFAULT) {"storageBucket":"best-cp3351-project.appspot.com","databaseURL":"https://best-cp3351-project.firebaseio.com","projectId":"best-cp3351-project"} {"metadata":{"emulator":{"name":"functions"},"function":{"name":"findAuthUser"},"message":"[runtime-status] [10764] initializeApp(DEFAULT) {\"storageBucket\":\"best-cp3351-project.appspot.com\",\"databaseURL\":\"https://best-cp3351-project.firebaseio.com\",\"projectId\":\"best-cp3351-project\"}"}}
[debug] [2021-03-23T08:46:42.897Z] [runtime-status] [10764] auth.setJwtVerificationEnabled(false) {"metadata":{"emulator":{"name":"functions"},"function":{"name":"findAuthUser"},"message":"[runtime-status] [10764] auth.setJwtVerificationEnabled(false)"}}
[debug] [2021-03-23T08:46:43.138Z] [runtime-status] [10764] Trigger "findAuthUser" has been found, beginning invocation! {"metadata":{"emulator":{"name":"functions"},"function":{"name":"findAuthUser"},"message":"[runtime-status] [10764] Trigger \"findAuthUser\" has been found, beginning invocation!"}}
[info] i  functions: Beginning execution of "findAuthUser" {"metadata":{"emulator":{"name":"functions"},"function":{"name":"findAuthUser"},"message":"Beginning execution of \"findAuthUser\""}}
[debug] [2021-03-23T08:46:43.140Z] [runtime-status] [10764] triggerDefinition {"httpsTrigger":{},"labels":{"deployment-callable":"true"},"name":"findAuthUser","entryPoint":"findAuthUser"} {"metadata":{"emulator":{"name":"functions"},"function":{"name":"findAuthUser"},"message":"[runtime-status] [10764] triggerDefinition {\"httpsTrigger\":{},\"labels\":{\"deployment-callable\":\"true\"},\"name\":\"findAuthUser\",\"entryPoint\":\"findAuthUser\"}"}}
[debug] [2021-03-23T08:46:43.140Z] [runtime-status] [10764] Running findAuthUser in mode HTTPS {"metadata":{"emulator":{"name":"functions"},"function":{"name":"findAuthUser"},"message":"[runtime-status] [10764] Running findAuthUser in mode HTTPS"}}
[debug] [2021-03-23T08:46:43.146Z] [runtime-status] [10764] Attempting to listen to socketPath: \\?\pipe\C:\60093530\CP3351\project\functions\10764 {"metadata":{"emulator":{"name":"functions"},"function":{"name":"findAuthUser"},"message":"[runtime-status] [10764] Attempting to listen to socketPath: \\\\?\\pipe\\C:\\60093530\\CP3351\\project\\functions\\10764"}}
[debug] [2021-03-23T08:46:43.148Z] [functions] Runtime ready! Sending request! {"metadata":{"emulator":{"name":"functions"},"message":"[functions] Runtime ready! Sending request!"}}
[debug] [2021-03-23T08:46:43.148Z] [functions] Got req.url=/best-cp3351-project/us-central1/findAuthUser, mapping to path=/ {"metadata":{"emulator":{"name":"functions"},"message":"[functions] Got req.url=/best-cp3351-project/us-central1/findAuthUser, mapping to path=/"}}
[debug] [2021-03-23T08:46:43.166Z] [runtime-status] [10764] Ephemeral server handling POST request {"metadata":{"emulator":{"name":"functions"},"function":{"name":"findAuthUser"},"message":"[runtime-status] [10764] Ephemeral server handling POST request"}}
[debug] [2021-03-23T08:46:43.168Z] [runtime-status] [10764] No callable functions auth found {"metadata":{"emulator":{"name":"functions"},"function":{"name":"findAuthUser"},"message":"[runtime-status] [10764] No callable functions auth found"}}
[info] >  {"uid":"tLNt5wYetzO9mGGSLrYmpd1P7ETP","severity":"INFO","message":"uid"} {"user":{"uid":"tLNt5wYetzO9mGGSLrYmpd1P7ETP","severity":"INFO","message":"uid"},"metadata":{"emulator":{"name":"functions"},"function":{"name":"findAuthUser"},"message":"\u001b[90m> \u001b[39m {\"uid\":\"tLNt5wYetzO9mGGSLrYmpd1P7ETP\",\"severity\":\"INFO\",\"message\":\"uid\"}"}}
[debug] [2021-03-23T08:46:43.170Z] [runtime-status] [10764] Ephemeral server survived. {"metadata":{"emulator":{"name":"functions"},"function":{"name":"findAuthUser"},"message":"[runtime-status] [10764] Ephemeral server survived."}}
[info] >  {"authUser":{"uid":"tLNt5wYetzO9mGGSLrYmpd1P7ETP","email":"cs@cs.com","emailVerified":false,"disabled":false,"metadata":{"lastSignInTime":"Tue, 23 Mar 2021 08:46:35 GMT","creationTime":"Tue, 23 Mar 2021 08:46:35 GMT"},"passwordHash":"fakeHash:salt=fakeSaltkRrzi5eTePi1Nwk45f0C:password=123456","passwordSalt":"fakeSaltkRrzi5eTePi1Nwk45f0C","tokensValidAfterTime":"Tue, 23 Mar 2021 08:46:35 GMT","providerData":[{"uid":"cs@cs.com","email":"cs@cs.com","providerId":"password"}]},"severity":"INFO","message":"authUser"} {"user":{"authUser":{"uid":"tLNt5wYetzO9mGGSLrYmpd1P7ETP","email":"cs@cs.com","emailVerified":false,"disabled":false,"metadata":{"lastSignInTime":"Tue, 23 Mar 2021 08:46:35 GMT","creationTime":"Tue, 23 Mar 2021 08:46:35 GMT"},"passwordHash":"fakeHash:salt=fakeSaltkRrzi5eTePi1Nwk45f0C:password=123456","passwordSalt":"fakeSaltkRrzi5eTePi1Nwk45f0C","tokensValidAfterTime":"Tue, 23 Mar 2021 08:46:35 GMT","providerData":[{"uid":"cs@cs.com","email":"cs@cs.com","providerId":"password"}]},"severity":"INFO","message":"authUser"},"metadata":{"emulator":{"name":"functions"},"function":{"name":"findAuthUser"},"message":"\u001b[90m> \u001b[39m {\"authUser\":{\"uid\":\"tLNt5wYetzO9mGGSLrYmpd1P7ETP\",\"email\":\"cs@cs.com\",\"emailVerified\":false,\"disabled\":false,\"metadata\":{\"lastSignInTime\":\"Tue, 23 Mar 2021 08:46:35 GMT\",\"creationTime\":\"Tue, 23 Mar 2021 08:46:35 GMT\"},\"passwordHash\":\"fakeHash:salt=fakeSaltkRrzi5eTePi1Nwk45f0C:password=123456\",\"passwordSalt\":\"fakeSaltkRrzi5eTePi1Nwk45f0C\",\"tokensValidAfterTime\":\"Tue, 23 Mar 2021 08:46:35 GMT\",\"providerData\":[{\"uid\":\"cs@cs.com\",\"email\":\"cs@cs.com\",\"providerId\":\"password\"}]},\"severity\":\"INFO\",\"message\":\"authUser\"}"}}
[info] i  functions: Finished "findAuthUser" in ~1s {"metadata":{"emulator":{"name":"functions"},"function":{"name":"findAuthUser"},"message":"Finished \"findAuthUser\" in ~1s"}}
[debug] [2021-03-23T08:46:43.191Z] [worker-findAuthUser-775e2b0d-bf65-4c17-bef6-05d8638d447a]: IDLE {"metadata":{"emulator":{"name":"functions"},"message":"[worker-findAuthUser-775e2b0d-bf65-4c17-bef6-05d8638d447a]: IDLE"}}
[debug] [2021-03-23T08:46:43.191Z] [work-queue] {"queueLength":0,"workRunningCount":0}
